astar-gobmk-h264ref-leslie3d-namd-tonto-zeusmp-bt.C
bwaves-dealII-h264ref-hmmer-wrf-ep.C-ft.C-sp.B
bwaves-gobmk-gromacs-namd-tonto-bt.B-cg.B-cg.C
bwaves-gobmk-perlbench-ep.B-ep.C-ft.C-sp.B-ua.B
calculix-gobmk-milc-wrf-bt.C-cg.C-ep.C-ua.B
dc.B-sp.C-astar-perlbench-sjeng-tonto-wrf-bt.C
libquantum-dc.B-lu.C-astar-gamess-hmmer-povray-bt.B
libquantum-hmmer-milc-sjeng-ep.B-ep.C-ft.B-mg.C
libquantum-lbm-lu.C-gamess-gobmk-leslie3d-namd-povray
lu.C-bzip2-dealII-gromacs-leslie3d-milc-ep.B-ft.B
lu.C-sp.C-gobmk-h264ref-hmmer-leslie3d-povray-tonto
soplex-dc.B-lu.B-lu.C-bwaves-gamess-gromacs-cg.C
soplex-dc.B-lu.B-lu.C-sp.C-astar-h264ref-leslie3d
soplex-libquantum-lu.B-sp.C-calculix-gobmk-perlbench-bt.B
soplex-lu.C-calculix-tonto-wrf-zeusmp-ep.B-ep.C
soplex-mcf-libquantum-lbm-dc.B-lu.B-lu.C-sp.C
soplex-omnetpp-mcf-lbm-lu.B-lu.C-calculix-milc
sp.C-astar-gamess-gobmk-h264ref-povray-bt.C-ft.B
sphinx3-bwaves-bzip2-gobmk-povray-zeusmp-bt.C-cg.C
sphinx3-libquantum-lbm-sp.C-bzip2-gromacs-hmmer-leslie3d
sphinx3-mcf-sp.C-astar-bwaves-dealII-gamess-milc
sphinx3-omnetpp-calculix-gobmk-gromacs-h264ref-leslie3d-ep.B
sphinx3-omnetpp-mcf-lbm-dc.B-dealII-leslie3d-namd
sphinx3-soplex-mcf-libquantum-lbm-dc.B-lu.B-astar
sphinx3-soplex-omnetpp-lbm-dc.B-lu.B-lu.C-sp.C
sphinx3-soplex-omnetpp-libquantum-dc.B-lu.B-lu.C-sp.C
xalancbmk-bwaves-calculix-dealII-gromacs-leslie3d-sjeng-cg.B
xalancbmk-libquantum-lbm-lu.B-lu.C-sp.C-calculix-gamess
xalancbmk-lu.B-lu.C-astar-calculix-dealII-gromacs-wrf
xalancbmk-mcf-bzip2-calculix-gobmk-milc-ft.C-mg.C
xalancbmk-mcf-lbm-dc.B-lu.B-lu.C-sp.C-bzip2
xalancbmk-mcf-lu.C-astar-h264ref-leslie3d-povray-cg.C
xalancbmk-omnetpp-libquantum-sp.C-astar-gobmk-gromacs-milc
xalancbmk-omnetpp-mcf-lbm-dc.B-lu.C-astar-gamess
xalancbmk-soplex-mcf-dc.B-lu.C-astar-bzip2-dealII
xalancbmk-soplex-mcf-libquantum-lbm-dc.B-lu.B-astar
xalancbmk-soplex-omnetpp-mcf-sp.C-bwaves-dealII-gamess
xalancbmk-sphinx3-lbm-dc.B-sp.C-bzip2-leslie3d-povray
xalancbmk-sphinx3-mcf-lbm-dc.B-lu.B-lu.C-sp.C
xalancbmk-sphinx3-omnetpp-dc.B-lu.C-sp.C-bzip2-calculix
xalancbmk-sphinx3-omnetpp-libquantum-lbm-dc.B-lu.B-lu.C
xalancbmk-sphinx3-omnetpp-mcf-libquantum-dc.B-sp.C-bwaves
xalancbmk-sphinx3-soplex-dc.B-lu.C-sp.C-bwaves-bzip2
xalancbmk-sphinx3-soplex-omnetpp-libquantum-lbm-sp.C-astar
xalancbmk-sphinx3-soplex-sp.C-dealII-gamess-zeusmp-bt.B
astar-gobmk-h264ref-leslie3d-namd-tonto-zeusmp-bt.C
bwaves-dealII-h264ref-hmmer-wrf-ep.C-ft.C-sp.B
bwaves-gobmk-gromacs-namd-tonto-bt.B-cg.B-cg.C
bwaves-gobmk-perlbench-ep.B-ep.C-ft.C-sp.B-ua.B
calculix-gobmk-milc-wrf-bt.C-cg.C-ep.C-ua.B
dc.B-sp.C-astar-perlbench-sjeng-tonto-wrf-bt.C
libquantum-dc.B-lu.C-astar-gamess-hmmer-povray-bt.B
libquantum-hmmer-milc-sjeng-ep.B-ep.C-ft.B-mg.C
libquantum-lbm-lu.C-gamess-gobmk-leslie3d-namd-povray
lu.C-bzip2-dealII-gromacs-leslie3d-milc-ep.B-ft.B
lu.C-sp.C-gobmk-h264ref-hmmer-leslie3d-povray-tonto
soplex-dc.B-lu.B-lu.C-bwaves-gamess-gromacs-cg.C
soplex-dc.B-lu.B-lu.C-sp.C-astar-h264ref-leslie3d
soplex-libquantum-lu.B-sp.C-calculix-gobmk-perlbench-bt.B
soplex-lu.C-calculix-tonto-wrf-zeusmp-ep.B-ep.C
soplex-mcf-libquantum-lbm-dc.B-lu.B-lu.C-sp.C
soplex-omnetpp-mcf-lbm-lu.B-lu.C-calculix-milc
sp.C-astar-gamess-gobmk-h264ref-povray-bt.C-ft.B
sphinx3-bwaves-bzip2-gobmk-povray-zeusmp-bt.C-cg.C
sphinx3-libquantum-lbm-sp.C-bzip2-gromacs-hmmer-leslie3d
sphinx3-mcf-sp.C-astar-bwaves-dealII-gamess-milc
sphinx3-omnetpp-calculix-gobmk-gromacs-h264ref-leslie3d-ep.B
sphinx3-omnetpp-mcf-lbm-dc.B-dealII-leslie3d-namd
sphinx3-soplex-mcf-libquantum-lbm-dc.B-lu.B-astar
sphinx3-soplex-omnetpp-lbm-dc.B-lu.B-lu.C-sp.C
sphinx3-soplex-omnetpp-libquantum-dc.B-lu.B-lu.C-sp.C
xalancbmk-bwaves-calculix-dealII-gromacs-leslie3d-sjeng-cg.B
xalancbmk-libquantum-lbm-lu.B-lu.C-sp.C-calculix-gamess
xalancbmk-lu.B-lu.C-astar-calculix-dealII-gromacs-wrf
xalancbmk-mcf-bzip2-calculix-gobmk-milc-ft.C-mg.C
xalancbmk-mcf-lbm-dc.B-lu.B-lu.C-sp.C-bzip2
xalancbmk-mcf-lu.C-astar-h264ref-leslie3d-povray-cg.C
xalancbmk-omnetpp-libquantum-sp.C-astar-gobmk-gromacs-milc
xalancbmk-omnetpp-mcf-lbm-dc.B-lu.C-astar-gamess
xalancbmk-soplex-mcf-dc.B-lu.C-astar-bzip2-dealII
xalancbmk-soplex-mcf-libquantum-lbm-dc.B-lu.B-astar
xalancbmk-soplex-omnetpp-mcf-sp.C-bwaves-dealII-gamess
xalancbmk-sphinx3-lbm-dc.B-sp.C-bzip2-leslie3d-povray
xalancbmk-sphinx3-mcf-lbm-dc.B-lu.B-lu.C-sp.C
xalancbmk-sphinx3-omnetpp-dc.B-lu.C-sp.C-bzip2-calculix
xalancbmk-sphinx3-omnetpp-libquantum-lbm-dc.B-lu.B-lu.C
xalancbmk-sphinx3-omnetpp-mcf-libquantum-dc.B-sp.C-bwaves
xalancbmk-sphinx3-soplex-dc.B-lu.C-sp.C-bwaves-bzip2
xalancbmk-sphinx3-soplex-omnetpp-libquantum-lbm-sp.C-astar
xalancbmk-sphinx3-soplex-sp.C-dealII-gamess-zeusmp-bt.B
